<?xml version="1.0" encoding="UTF-8"?>
<!-- Generated by org.testng.reporters.JUnitReportReporter -->
<testsuite hostname="CHETAN123" failures="0" tests="1" name="demo.chetanmaven.Drope_downlist" time="12.090" errors="0" timestamp="2024-01-18T06:58:17 IST" skipped="0">
  <testcase classname="demo.chetanmaven.Drope_downlist" name="verifyDropdown" time="12.090"/>
  <system-out/>
</testsuite> <!-- demo.chetanmaven.Drope_downlist -->
